<?xml version="1.0" encoding="UTF-8"?>
<testsuites name="jest tests" tests="17" failures="0" errors="0" time="1.696">
  <testsuite name="undefined" errors="0" failures="0" skipped="0" timestamp="2021-06-10T14:43:46" time="0.384" tests="3">
    <testcase classname=" empty" name=" empty" time="0.002">
    </testcase>
    <testcase classname=" text content" name=" text content" time="0">
    </testcase>
    <testcase classname=" children" name=" children" time="0">
    </testcase>
  </testsuite>
  <testsuite name="undefined" errors="0" failures="0" skipped="0" timestamp="2021-06-10T14:43:46" time="0.418" tests="2">
    <testcase classname=" sends element nodes rectangles" name=" sends element nodes rectangles" time="0.016">
    </testcase>
    <testcase classname=" select event should return areas containing only x, y, width and height" name=" select event should return areas containing only x, y, width and height" time="0.002">
    </testcase>
  </testsuite>
  <testsuite name="undefined" errors="0" failures="0" skipped="0" timestamp="2021-06-10T14:43:46" time="0.415" tests="1">
    <testcase classname=" send frame href in message" name=" send frame href in message" time="0.009">
    </testcase>
  </testsuite>
  <testsuite name="undefined" errors="0" failures="0" skipped="0" timestamp="2021-06-10T14:43:46" time="0.436" tests="1">
    <testcase classname=" single iframe point" name=" single iframe point" time="0.024">
    </testcase>
  </testsuite>
  <testsuite name="undefined" errors="0" failures="0" skipped="0" timestamp="2021-06-10T14:43:46" time="1.166" tests="10">
    <testcase classname=" move mouse without Option" name=" move mouse without Option" time="0.011">
    </testcase>
    <testcase classname=" point with mouse move + Option" name=" point with mouse move + Option" time="0.001">
    </testcase>
    <testcase classname=" point with Option key down then mouse move" name=" point with Option key down then mouse move" time="0.002">
    </testcase>
    <testcase classname=" point with mouse move then key down" name=" point with mouse move then key down" time="0.002">
    </testcase>
    <testcase classname=" point then release Option" name=" point then release Option" time="0.003">
    </testcase>
    <testcase classname=" point with mouse move + Option, then scroll" name=" point with mouse move + Option, then scroll" time="0.002">
    </testcase>
    <testcase classname=" point then shoot, then cancel" name=" point then shoot, then cancel" time="0.002">
    </testcase>
    <testcase classname=" getSelectionRanges should return the number of available ranges" name=" getSelectionRanges should return the number of available ranges" time="0.005">
    </testcase>
    <testcase classname=" onSelection should create selection event in testUI" name=" onSelection should create selection event in testUI" time="0.003">
    </testcase>
    <testcase classname=" click in shooting mode should dismis shoot" name=" click in shooting mode should dismis shoot" time="0.002">
    </testcase>
  </testsuite>
</testsuites>